2019-02-12 07:02:23,647 | INFO | CamelTestSupport.java 243 | ********************************************************************************
2019-02-12 07:02:23,654 | INFO | CamelTestSupport.java 244 | Testing: readMessageFromActiveMQ(com.learncamel.routes.jms.JmsReadRouteTest)
2019-02-12 07:02:23,655 | INFO | CamelTestSupport.java 245 | ********************************************************************************
2019-02-12 07:02:24,451 | INFO | DefaultCamelContext.java 2905 | Apache Camel 2.18.3 (CamelContext: camel-1) is starting
2019-02-12 07:02:24,454 | INFO | DefaultManagementStrategy.java 238 | JMX is disabled
2019-02-12 07:02:24,600 | INFO | DefaultTypeConverter.java 56 | Loaded 193 type converters
2019-02-12 07:02:24,892 | INFO | DefaultCamelContext.java 3152 | StreamCaching is not in use. If using streams then its recommended to enable stream caching. See more details at http://camel.apache.org/stream-caching.html
2019-02-12 07:02:25,209 | INFO | FailoverTransport.java 1052 | Successfully connected to tcp://localhost:61616
2019-02-12 07:02:25,356 | INFO | DefaultCamelContext.java 3693 | Route: route1 started and consuming from: activemq://queue:testQueue
2019-02-12 07:02:25,356 | INFO | DefaultCamelContext.java 2947 | Total 1 routes, of which 1 are started.
2019-02-12 07:02:25,359 | INFO | DefaultCamelContext.java 2948 | Apache Camel 2.18.3 (CamelContext: camel-1) started in 0.905 seconds
2019-02-12 07:02:25,448 | INFO | CamelLogger.java 159 | Exchange[ExchangePattern: InOnly, BodyType: String, Body: 123]
2019-02-12 07:02:25,458 | INFO | CamelTestSupport.java 389 | ********************************************************************************
2019-02-12 07:02:25,458 | INFO | CamelTestSupport.java 390 | Testing done: readMessageFromActiveMQ(com.learncamel.routes.jms.JmsReadRouteTest)
2019-02-12 07:02:25,458 | INFO | CamelTestSupport.java 391 | Took: 0.098 seconds (98 millis)
2019-02-12 07:02:25,459 | INFO | CamelTestSupport.java 420 | ********************************************************************************
2019-02-12 07:02:25,465 | INFO | DefaultCamelContext.java 3173 | Apache Camel 2.18.3 (CamelContext: camel-1) is shutting down
2019-02-12 07:02:25,467 | INFO | DefaultShutdownStrategy.java 196 | Starting to graceful shutdown 1 routes (timeout 10 seconds)
2019-02-12 07:02:25,476 | INFO | DefaultShutdownStrategy.java 669 | Route: route1 shutdown complete, was consuming from: activemq://queue:testQueue
2019-02-12 07:02:25,477 | INFO | DefaultShutdownStrategy.java 260 | Graceful shutdown of 1 routes completed in 0 seconds
2019-02-12 07:02:25,508 | INFO | DefaultCamelContext.java 3262 | Apache Camel 2.18.3 (CamelContext: camel-1) uptime 1.057 seconds
2019-02-12 07:02:25,508 | INFO | DefaultCamelContext.java 3263 | Apache Camel 2.18.3 (CamelContext: camel-1) is shutdown in 0.043 seconds
